<?xml version="1.0" encoding="UTF-8"?>
<!-- Generated by org.testng.reporters.JUnitReportReporter -->
<testsuite hostname="LAPTOP-9D44J6O8" failures="0" tests="1" name="VerifyTitle" time="3.419" errors="0" timestamp="2024-06-06T15:38:09 EDT" skipped="0">
  <testcase classname="VerifyTitle" name="LoginPage" time="3.419"/>
</testsuite> <!-- VerifyTitle -->
