<?xml version="1.0" encoding="UTF-8"?>
<!-- Generated by org.testng.reporters.JUnitReportReporter -->
<testsuite hostname="LAPTOP-9D44J6O8" failures="0" tests="1" name="loginwithvalidcredentials" time="5.819" errors="0" timestamp="2024-06-06T15:49:06 EDT" skipped="0">
  <testcase classname="loginwithvalidcredentials" name="loginTutorialNinja" time="5.819"/>
</testsuite> <!-- loginwithvalidcredentials -->
